C51 COMPILER V9.60.0.0   LAB10T                                                            12/07/2022 22:10:33 PAGE 1   


C51 COMPILER V9.60.0.0, COMPILATION OF MODULE LAB10T
OBJECT MODULE PLACED IN .\Objects\lab10t.obj
COMPILER INVOKED BY: C:\Keil_v5\C51\BIN\C51.EXE lab10t.c OPTIMIZE(8,SPEED) BROWSE DEBUG OBJECTEXTEND PRINT(.\Listings\la
                    -b10t.lst) TABS(2) OBJECT(.\Objects\lab10t.obj)

line level    source

   1          #include <regx51.h>
   2          void print_msg(char *);
   3          void write(char, int);
   4          void delay(unsigned int);
   5          void main()
   6          {
   7   1      write(0x38, 0);
   8   1      write(0x0F, 0);
   9   1      write(0x06, 0);
  10   1      write(0x01, 0);
  11   1      
  12   1        
  13   1      //print string--------------
  14   1      write(0xC0, 0);
  15   1      print_msg("E94096110");
  16   1      //--------------------------
  17   1        
  18   1      //skull-----------------------------------
  19   1      write(0x40,0);
  20   1        
  21   1      write(0x00,1);
  22   1      write(0x0E,1);
  23   1      write(0x1F,1);
  24   1      write(0x15,1);
  25   1        
  26   1      write(0x0E,1);
  27   1      write(0x0E,1);
  28   1      write(0x00,1);
  29   1      write(0x00,1); //CURSOR
  30   1      //----------------------------------------- 
  31   1        
  32   1      //SMELL------------------------------------
  33   1      write(0x48,0); //RAM POSITION
  34   1        
  35   1      write(0x00,1);
  36   1      write(0x0A,1);
  37   1      write(0x0A,1);
  38   1      write(0x00,1);
  39   1      
  40   1      write(0x11,1);
  41   1      write(0x0E,1);
  42   1      write(0x00,1);  
  43   1      write(0x00,1);  //CURSOR
  44   1      //----------------------------------------- 
  45   1      
  46   1      
  47   1      write(0x80,0);//PRINT POSITION
  48   1      write(0x00,1);
  49   1      
  50   1      write(0x8F,0);//PRINT POSITION
  51   1      write(0x01,1);
  52   1      
  53   1      delay(5000);
  54   1      delay(5000);
C51 COMPILER V9.60.0.0   LAB10T                                                            12/07/2022 22:10:33 PAGE 2   

  55   1      delay(5000);
  56   1      delay(5000);
  57   1      delay(5000);
  58   1      delay(5000);
  59   1      delay(5000);
  60   1      delay(5000);
  61   1      
  62   1      write(0x08, 0);
  63   1      
  64   1      
  65   1      
  66   1      
  67   1      while (1);
  68   1      
  69   1      }
  70          
  71          
  72          
  73          void print_msg(char*msg)
  74          {
  75   1       for(;*msg!='\0';msg++)
  76   1        write(*msg,1);
  77   1      }
  78          void write(char cmd, int rs_value)
  79          {
  80   1        P1=cmd;
  81   1        P3_0=rs_value;
  82   1        P3_1=1;
  83   1        delay(500);
  84   1        P3_1=0;
  85   1        delay(500);
  86   1      }
  87          void delay(unsigned int i)
  88          {
  89   1        while (i--);
  90   1      }


MODULE INFORMATION:   STATIC OVERLAYABLE
   CODE SIZE        =    315    ----
   CONSTANT SIZE    =     10    ----
   XDATA SIZE       =   ----    ----
   PDATA SIZE       =   ----    ----
   DATA SIZE        =   ----       3
   IDATA SIZE       =   ----    ----
   BIT SIZE         =   ----    ----
END OF MODULE INFORMATION.


C51 COMPILATION COMPLETE.  0 WARNING(S),  0 ERROR(S)
