C51 COMPILER V9.60.0.0   LAB12S                                                            12/14/2022 18:14:58 PAGE 1   


C51 COMPILER V9.60.0.0, COMPILATION OF MODULE LAB12S
OBJECT MODULE PLACED IN .\Objects\lab12s.obj
COMPILER INVOKED BY: C:\Keil_v5\C51\BIN\C51.EXE lab12s.c OPTIMIZE(8,SPEED) BROWSE DEBUG OBJECTEXTEND PRINT(.\Listings\la
                    -b12s.lst) TABS(2) OBJECT(.\Objects\lab12s.obj)

line level    source

   1          #include<regx51.h>
   2          void delay(unsigned int);
   3          
   4          void main()
   5          {
   6   1        while(1){
   7   2          P2_1=0;
   8   2          delay(50000);
   9   2          P2_1=1;
  10   2          delay(50000);
  11   2        }
  12   1      }
  13          void delay(unsigned int t){
  14   1        while(t--);
  15   1      }


MODULE INFORMATION:   STATIC OVERLAYABLE
   CODE SIZE        =     31    ----
   CONSTANT SIZE    =   ----    ----
   XDATA SIZE       =   ----    ----
   PDATA SIZE       =   ----    ----
   DATA SIZE        =   ----    ----
   IDATA SIZE       =   ----    ----
   BIT SIZE         =   ----    ----
END OF MODULE INFORMATION.


C51 COMPILATION COMPLETE.  0 WARNING(S),  0 ERROR(S)
