C51 COMPILER V9.60.0.0   LAB9S                                                             11/22/2022 16:20:54 PAGE 1   


C51 COMPILER V9.60.0.0, COMPILATION OF MODULE LAB9S
OBJECT MODULE PLACED IN .\Objects\lab9s.obj
COMPILER INVOKED BY: C:\Keil_v5\C51\BIN\C51.EXE lab9s.c OPTIMIZE(8,SPEED) BROWSE DEBUG OBJECTEXTEND PRINT(.\Listings\lab
                    -9s.lst) TABS(2) OBJECT(.\Objects\lab9s.obj)

line level    source

   1          #include <regx51.h>
   2          void main(){
   3   1       while(1){
   4   2       if(P1 >256 / 2) //if P1 greater than 256/2
   5   2      P2 = 0; //LED on
   6   2      else
   7   2      P2 = 255; //LED off
   8   2      }
   9   1      }


MODULE INFORMATION:   STATIC OVERLAYABLE
   CODE SIZE        =     22    ----
   CONSTANT SIZE    =   ----    ----
   XDATA SIZE       =   ----    ----
   PDATA SIZE       =   ----    ----
   DATA SIZE        =   ----    ----
   IDATA SIZE       =   ----    ----
   BIT SIZE         =   ----    ----
END OF MODULE INFORMATION.


C51 COMPILATION COMPLETE.  0 WARNING(S),  0 ERROR(S)
