C51 COMPILER V9.60.0.0   LAB10S                                                            12/20/2022 15:13:54 PAGE 1   


C51 COMPILER V9.60.0.0, COMPILATION OF MODULE LAB10S
OBJECT MODULE PLACED IN .\Objects\lab10s.obj
COMPILER INVOKED BY: C:\Keil_v5\C51\BIN\C51.EXE lab10s.c OPTIMIZE(8,SPEED) BROWSE DEBUG OBJECTEXTEND PRINT(.\Listings\la
                    -b10s.lst) TABS(2) OBJECT(.\Objects\lab10s.obj)

line level    source

   1          #include <regx51.h>
   2          void print_msg(char *);
   3          void write(char, int);
   4          void delay(unsigned int);
   5          void main(){
   6   1       write(0x38, 0);
   7   1       write(0x0F, 0);
   8   1       write(0x06, 0);
   9   1       write(0x01, 0);
  10   1        
  11   1        
  12   1       write(0x80, 0);
  13   1       print_msg("Hello, world!");
  14   1        
  15   1       write(0x14, 0);  
  16   1        
  17   1       while (1);
  18   1       }
  19          
  20           
  21           
  22           
  23           
  24           
  25          void print_msg(char* msg){
  26   1        for (;*msg!='\0'; msg++) // ??????
  27   1          write(*msg,1); // LCD????
  28   1      }
  29          void write(char cmd, int rs_value){
  30   1        P2 = cmd;
  31   1        P3_6 = rs_value;
  32   1        P3_7 = 1 ;
  33   1        delay(100);
  34   1        P3_7=0;
  35   1      }
  36          
  37          void delay(unsigned int i){
  38   1        while (i--);
  39   1      }


MODULE INFORMATION:   STATIC OVERLAYABLE
   CODE SIZE        =    126    ----
   CONSTANT SIZE    =     14    ----
   XDATA SIZE       =   ----    ----
   PDATA SIZE       =   ----    ----
   DATA SIZE        =   ----       3
   IDATA SIZE       =   ----    ----
   BIT SIZE         =   ----    ----
END OF MODULE INFORMATION.


C51 COMPILATION COMPLETE.  0 WARNING(S),  0 ERROR(S)
