C51 COMPILER V9.60.0.0   LAB8S2                                                            11/29/2022 16:33:34 PAGE 1   


C51 COMPILER V9.60.0.0, COMPILATION OF MODULE LAB8S2
OBJECT MODULE PLACED IN .\Objects\lab8s2.obj
COMPILER INVOKED BY: C:\Keil_v5\C51\BIN\C51.EXE lab8s2.c OPTIMIZE(8,SPEED) BROWSE DEBUG OBJECTEXTEND PRINT(.\Listings\la
                    -b8s2.lst) TABS(2) OBJECT(.\Objects\lab8s2.obj)

line level    source

   1          #include <regx51.h>
   2          void init_uart(); //??UART?????
   3          char recivevalue; //???????
   4          
   5          void main(){
   6   1       init_uart();
   7   1       while(1){
   8   2        while(RI == 0); //??????
   9   2        RI=0;
  10   2        recivevalue=SBUF; //????SBUF????recivevalue?
  11   2        P2 = recivevalue; //??????LED????
  12   2        if(recivevalue == 'q'){
  13   3        SBUF= recivevalue; //???????
  14   3        while(TI==0); //??????
  15   3        TI=0; //?TI????0
  16   3        }
  17   2       }
  18   1      }
  19          void init_uart(void){
  20   1        SCON=0x50; //??SCON????????mode1
  21   1        TMOD=0x20; //??TIMER1?Mode2
  22   1        TH1=0xe6; //baud??? 1200
  23   1        TR1=1; //TCON?Timer1????? TR1?1
  24   1      }


MODULE INFORMATION:   STATIC OVERLAYABLE
   CODE SIZE        =     40    ----
   CONSTANT SIZE    =   ----    ----
   XDATA SIZE       =   ----    ----
   PDATA SIZE       =   ----    ----
   DATA SIZE        =      1    ----
   IDATA SIZE       =   ----    ----
   BIT SIZE         =   ----    ----
END OF MODULE INFORMATION.


C51 COMPILATION COMPLETE.  0 WARNING(S),  0 ERROR(S)
