A51 MACRO ASSEMBLER  LAB1_2_1                                                             11/07/2022 15:30:44 PAGE     1


MACRO ASSEMBLER A51 V8.2.7.0
OBJECT MODULE PLACED IN .\Objects\LAB1_2_1.obj
ASSEMBLER INVOKED BY: C:\Keil_v5\C51\BIN\A51.EXE LAB1_2_1.A51 SET(SMALL) DEBUG PRINT(.\Listings\LAB1_2_1.lst) OBJECT(.\O
                      bjects\LAB1_2_1.obj) EP

LOC  OBJ            LINE     SOURCE

                       1     
                       2     
                       3     
                       4     
0000                   5                      ORG 00H                        
0000 90001E            6                      MOV DPTR,#TABLE        
0003 7804              7     START:   MOV R0,#4          ;4 
0005 7900              8                      MOV R1,#0                      ;start at which number 
0007 7AFE              9                      MOV R2,#0FEH           ;1111_1110(**leftest** 1/4 light)
                      10                      
0009                  11     LOOP:     
0009 8A80             12                      MOV P0,R2 
                      13                      
                      14                      
                      15                      
000B E9               16                      MOV A,R1           ;lighten number
000C 93               17              MOVC A,@A+DPTR
000D F590             18                      MOV P1,A
000F 09               19                      INC R1             ;R1=R1+1 -> decide next number;;;;;;;;;;;;;
                      20                      
                      21                      
                      22                      
0010 EA               23                      MOV A,R2           
0011 23               24                      RL A ;move next right light 
0012 FA               25                      MOV R2,A
                      26                      
0013 1119             27                      CALL DELAY
0015 D8F2             28                      DJNZ R0,LOOP
0017 80EA             29                      SJMP START
                      30                      
0019 7BFA             31     DELAY:   MOV R3,#250
001B DBFE             32                      DJNZ R3,$
001D 22               33                      RET
                      34     
001E C0               35     TABLE:   DB 11000000B  
001F F9               36                      DB 11111001B  
0020 A4               37                      DB 10100100B  
0021 B0               38                      DB 10110000B  
0022 99               39                      DB 10011001B  
0023 92               40                      DB 10010010B  
0024 82               41                      DB 10000010B  
0025 D8               42                      DB 11011000B  
0026 80               43                      DB 10000000B  
0027 98               44                      DB 10011000B  
                      45                      END
A51 MACRO ASSEMBLER  LAB1_2_1                                                             11/07/2022 15:30:44 PAGE     2

SYMBOL TABLE LISTING
------ ----- -------


N A M E             T Y P E  V A L U E   ATTRIBUTES

DELAY. . . . . . .  C ADDR   0019H   A   
LOOP . . . . . . .  C ADDR   0009H   A   
P0 . . . . . . . .  D ADDR   0080H   A   
P1 . . . . . . . .  D ADDR   0090H   A   
START. . . . . . .  C ADDR   0003H   A   
TABLE. . . . . . .  C ADDR   001EH   A   


REGISTER BANK(S) USED: 0 


ASSEMBLY COMPLETE.  0 WARNING(S), 0 ERROR(S)
