C51 COMPILER V9.60.0.0   FINAL                                                             12/20/2022 18:52:47 PAGE 1   


C51 COMPILER V9.60.0.0, COMPILATION OF MODULE FINAL
OBJECT MODULE PLACED IN .\Objects\final.obj
COMPILER INVOKED BY: C:\Keil_v5\C51\BIN\C51.EXE final.c OPTIMIZE(8,SPEED) BROWSE DEBUG OBJECTEXTEND PRINT(.\Listings\fin
                    -al.lst) TABS(2) OBJECT(.\Objects\final.obj)

line level    source

   1          #include <regx51.h>
   2          void print_msg(char*);
   3          void write(char,int);
   4          void delay(unsigned int);
   5          void init_uart();
   6          
   7          int value;
   8          
   9          
  10          int x,y,z;
  11          int i,j,b,h,n,a,m,l;
  12          void setup();
  13          int check,check2;
  14          char charValue[3]={0};
  15          char out[]="Final exam      ";
  16          char out1[]="Final exam      ";
  17          char save;
  18          
  19          void main()
  20          {
  21   1        init_uart();
  22   1        write(0x38,0);// set 8bit 2row 5x7font
  23   1        write(0x0F,0);// display:on/off cursor:on/off flashing:on/off
  24   1        write(0x06,0);// input cursor:increase/dencrease scren move:on/off
  25   1        write(0x01,0);// cursor reset
  26   1        delay(300);
  27   1        setup();
  28   1        while(1)
  29   1        {
  30   2          
  31   2          if(check2==5 && a==0){//----------------4 is initial
  32   3            value = P1;
  33   3            if(value<81){
  34   4              write(0x80,0);//position
  35   4              print_msg("LOW              "); 
  36   4            }
  37   3            else if(80<value&&value<171){
  38   4              write(0x80,0);//position
  39   4              print_msg("MIDDLE           "); 
  40   4            }
  41   3            else{
  42   4              write(0x80,0);//position
  43   4              print_msg("HIGH             "); 
  44   4            }
  45   3          
  46   3            switch(value/16){ 
  47   4             case 0: 
  48   4                  write(0xC0,0);//position
  49   4                  print_msg("=               "); 
  50   4                  break;     
  51   4             case 1: 
  52   4                  write(0xC0,0);//position
  53   4                  print_msg("==              "); 
  54   4                  break;     
C51 COMPILER V9.60.0.0   FINAL                                                             12/20/2022 18:52:47 PAGE 2   

  55   4             case 2: 
  56   4                  write(0xC0,0);//position
  57   4                  print_msg("===             "); 
  58   4                  break;     
  59   4             case 3: 
  60   4                  write(0xC0,0);//position
  61   4                  print_msg("====            "); 
  62   4                  break;     
  63   4            case 4: 
  64   4                  write(0xC0,0);//position
  65   4                  print_msg("=====           "); 
  66   4                  break;     
  67   4            case 5: 
  68   4                  write(0xC0,0);//position
  69   4                  print_msg("======          "); 
  70   4                  break;     
  71   4            case 6: 
  72   4                  write(0xC0,0);//position
  73   4                  print_msg("=======         "); 
  74   4                  break;
  75   4            case 7: 
  76   4                  write(0xC0,0);//position
  77   4                  print_msg("========        "); 
  78   4                  break;
  79   4            case 8: 
  80   4                  write(0xC0,0);//position
  81   4                  print_msg("=========       "); 
  82   4                  break;
  83   4            case 9: 
  84   4                  write(0xC0,0);//position
  85   4                  print_msg("==========      "); 
  86   4                  break;
  87   4            case 10: 
  88   4                  write(0xC0,0);//position
  89   4                  print_msg("===========     "); 
  90   4                  break;
  91   4            case 11: 
  92   4                  write(0xC0,0);//position
  93   4                  print_msg("============    "); 
  94   4                  break;
  95   4            case 12: 
  96   4                  write(0xC0,0);//position
  97   4                  print_msg("=============   "); 
  98   4                  break;
  99   4              case 13: 
 100   4                  write(0xC0,0);//position
 101   4                  print_msg("==============  "); 
 102   4                  break;
 103   4              case 14: 
 104   4                  write(0xC0,0);//position
 105   4                  print_msg("=============== "); 
 106   4                  break;
 107   4              case 15: 
 108   4                  write(0xC0,0);//position
 109   4                  print_msg("================"); 
 110   4                  break;
 111   4           }
 112   3         } 
 113   2          //--------------------------
 114   2          else if(check2==1&&b==0)//mode 1 stop
 115   2          {
 116   3            write(0x01,0);
C51 COMPILER V9.60.0.0   FINAL                                                             12/20/2022 18:52:47 PAGE 3   

 117   3            write(0x80,0);
 118   3            print_msg(out);       
 119   3            b=1;
 120   3          }
 121   2          else if(check2==2)
 122   2          {
 123   3            write(0x01,0);
 124   3            while(check2==2)      //mode 2 run right
 125   3            {
 126   4              /*run goat****************/
 127   4              write(0x80,0);
 128   4              save=out[15];
 129   4              print_msg(out);
 130   4              for(i=15;i>0;i--)
 131   4              {
 132   5                out[i]=out[i-1];
 133   5              }
 134   4              out[0]=save;
 135   4              delay(10000);
 136   4              /*run goat****************/
 137   4            }
 138   3          }
 139   2          else if(check2==3 )    //mode 3 run left
 140   2          {
 141   3            write(0x01,0);
 142   3            while(check2==3) //2
 143   3            {
 144   4              /*run goat****************/
 145   4              write(0x80,0);
 146   4              
 147   4              print_msg(out);
 148   4              for(n=0;n<16;n++)
 149   4              {
 150   5                out[n]=out[n+1];
 151   5              }
 152   4              for(n=0;n<16;n++)
 153   4              {
 154   5                out[n]=out[n+1];
 155   5              }
 156   4              l++;
 157   4              if(l==16){
 158   5                for(m=15;m>-1;m--){
 159   6                  out[m]=out1[m-15];
 160   6                }
 161   5                delay(100);
 162   5                l=0;
 163   5              }
 164   4              delay(20000);
 165   4              /*run goat****************/
 166   4            }
 167   3          }
 168   2      
 169   2          }
 170   1        }
 171          
 172          
 173          void setup(void)
 174          {
 175   1        //skull-----------------------------------
 176   1        write(0x40,0);
 177   1        
 178   1        write(0x00,1);
C51 COMPILER V9.60.0.0   FINAL                                                             12/20/2022 18:52:47 PAGE 4   

 179   1        write(0x0E,1);
 180   1        write(0x1F,1);
 181   1        write(0x15,1);
 182   1        
 183   1        write(0x0E,1);
 184   1        write(0x0E,1);
 185   1        write(0x00,1);
 186   1        write(0x00,1); //CURSOR
 187   1        //----------------------------------------- 
 188   1        
 189   1        //SMELL------------------------------------
 190   1        write(0x48,0); //RAM POSITION
 191   1        
 192   1        write(0x00,1);
 193   1        write(0x0A,1);
 194   1        write(0x0A,1);
 195   1        write(0x00,1);
 196   1      
 197   1        write(0x11,1);
 198   1        write(0x0E,1);
 199   1        write(0x00,1);  
 200   1        write(0x00,1);  //CURSOR
 201   1        //----------------------------------------- 
 202   1      }
 203          void init_uart(void)
 204          {
 205   1        SCON=0x50;//mode 1
 206   1        TMOD=0x20;// mode 2
 207   1        TR1=1;
 208   1        IE=0x95;
 209   1        check=0;
 210   1        check2=5;//  initial is 5
 211   1        x=0;
 212   1        y=0;
 213   1        z=0;
 214   1        b=1;
 215   1        a=0;
 216   1        l=0 ;
 217   1      }
 218          
 219          
 220          
 221          
 222          void int1_interrupt(void) interrupt 2   //check2+1
 223          {
 224   1        b=0;
 225   1        check2++;
 226   1        if(check2==4)
 227   1          check2=1;
 228   1        while(P3_3==0);
 229   1        delay(10000);
 230   1      }
 231          
 232          
 233          
 234          
 235          
 236          
 237          
 238          
 239          void int0_interrupt(void) interrupt 0   
 240          {
C51 COMPILER V9.60.0.0   FINAL                                                             12/20/2022 18:52:47 PAGE 5   

 241   1        b=1;
 242   1        a=1;
 243   1        if (check==0)               //touch first
 244   1        { /*screen off---------*/
 245   2          write(0x01,0);
 246   2          write(0x0C,0);
 247   2          /*-------------------*/
 248   2          
 249   2          check=1;
 250   2          while(P3_2==0);
 251   2          delay(30000);
 252   2        }
 253   1        else if(check==1){
 254   2          write(0x80,0);//position
 255   2          print_msg("E94096110");
 256   2              
 257   2          write(0x8E,0);//position
 258   2          delay(300);
 259   2          write(0x00,1);
 260   2              
 261   2          write(0x8F,0);//position
 262   2          write(0x01,1);
 263   2          check=3;
 264   2          while(P3_2==0);
 265   2          delay(10000);
 266   2        }
 267   1        
 268   1        else  //touch again again
 269   1        {
 270   2          write(0x0F,0);
 271   2          
 272   2          write(0x80,0);
 273   2          print_msg("                ");
 274   2          write(0xC0,0);
 275   2          print_msg("                ");
 276   2          
 277   2          write(0x80,0);
 278   2          print_msg("Best(4)");
 279   2          write(0xC0,0);
 280   2          print_msg("Worst(2)");
 281   2          
 282   2          check=0;
 283   2          check2=0;       // don't initial
 284   2          while(P3_2==0);
 285   2          delay(10000);
 286   2        }
 287   1      }
 288          
 289          
 290          
 291          
 292          
 293          
 294          
 295          
 296          
 297          
 298          
 299          
 300          void delay(unsigned int d)
 301          {
 302   1        while(d--);
C51 COMPILER V9.60.0.0   FINAL                                                             12/20/2022 18:52:47 PAGE 6   

 303   1      }
 304          void write(char cmd,int rs_value)
 305          {
 306   1        P2=cmd;
 307   1        P3_6=rs_value;
 308   1        P3_7=1;
 309   1        delay(300);
 310   1        P3_7=0;
 311   1      }
 312          void print_msg(char *msg)
 313          {
 314   1        for(;*msg!='\0';msg++)
 315   1        {
 316   2          write(*msg,1);
 317   2        }
 318   1      }


MODULE INFORMATION:   STATIC OVERLAYABLE
   CODE SIZE        =   1361    ----
   CONSTANT SIZE    =    370    ----
   XDATA SIZE       =   ----    ----
   PDATA SIZE       =   ----    ----
   DATA SIZE        =     66    ----
   IDATA SIZE       =   ----    ----
   BIT SIZE         =   ----    ----
END OF MODULE INFORMATION.


C51 COMPILATION COMPLETE.  0 WARNING(S),  0 ERROR(S)
