C51 COMPILER V9.60.0.0   LAB11T                                                            12/13/2022 16:32:40 PAGE 1   


C51 COMPILER V9.60.0.0, COMPILATION OF MODULE LAB11T
OBJECT MODULE PLACED IN .\Objects\lab11t.obj
COMPILER INVOKED BY: C:\Keil_v5\C51\BIN\C51.EXE lab11t.c OPTIMIZE(8,SPEED) BROWSE DEBUG OBJECTEXTEND PRINT(.\Listings\la
                    -b11t.lst) TABS(2) OBJECT(.\Objects\lab11t.obj)

line level    source

   1          #include<regx51.h>
   2          void delay(int);
   3          void turn();
   4          
   5          code char one_and_half_phase[] = {0x01,0x09,0x08,0x0c,0x04,0x06,0x02,0x03};
   6          int dir, speed, delay_time;
   7          
   8          void main()
   9          {
  10   1          IT0=1;
  11   1          IT1=1;
  12   1          EX0=1;
  13   1          EX1=1;
  14   1          EA=1;
  15   1          delay_time=500;
  16   1          dir=1;
  17   1          speed=1;
  18   1          while(1)
  19   1          {
  20   2              turn();
  21   2          }
  22   1      }
  23          
  24          void turn()
  25          {
  26   1          int x;
  27   1          if(dir==1)
  28   1          {
  29   2              for(x=0;x<8;x++)
  30   2              {
  31   3                  P1=one_and_half_phase[x];
  32   3                  delay(delay_time);
  33   3              }
  34   2          }
  35   1          else
  36   1          {
  37   2              for(x=8;x>0;x--)
  38   2              {
  39   3                  P1=one_and_half_phase[x];
  40   3                  delay(delay_time);
  41   3              }
  42   2          }
  43   1      }
  44          
  45          void delay(int t)
  46          {
  47   1          while(t--);
  48   1      }
  49          
  50          void int_0(void) interrupt 0
  51          {
  52   1          dir=(dir==1)?0:1;
  53   1      }
  54          
C51 COMPILER V9.60.0.0   LAB11T                                                            12/13/2022 16:32:40 PAGE 2   

  55          void int_1(void) interrupt 2
  56          {
  57   1          delay_time=(delay_time==500)?3000:500;
  58   1      }


MODULE INFORMATION:   STATIC OVERLAYABLE
   CODE SIZE        =    214    ----
   CONSTANT SIZE    =      8    ----
   XDATA SIZE       =   ----    ----
   PDATA SIZE       =   ----    ----
   DATA SIZE        =      6       2
   IDATA SIZE       =   ----    ----
   BIT SIZE         =   ----    ----
END OF MODULE INFORMATION.


C51 COMPILATION COMPLETE.  0 WARNING(S),  0 ERROR(S)
